C51 COMPILER V9.52.0.0   UCID_CHECK                                                        05/07/2021 15:15:27 PAGE 1   


C51 COMPILER V9.52.0.0, COMPILATION OF MODULE UCID_CHECK
OBJECT MODULE PLACED IN .\Output\UCID_check.obj
COMPILER INVOKED BY: C:\Keil\C51\BIN\C51.EXE ..\UCID_check.C LARGE OMF2 BROWSE INCDIR(..\..\Common;..\..\..\..\Library\D
                    -evice\Include;..\..\..\..\Library\StdDriver\inc) DEBUG PRINT(.\List\UCID_check.lst) TABS(2) OBJECT(.\Output\UCID_check.o
                    -bj)

line level    source

   1          /*--------------------------------------------------------------------------------------------------------
             --*/
   2          /*                                                                                                        
             - */
   3          /* Copyright(c) 2021 Nuvoton Technology Corp. All rights reserved.                                        
             - */
   4          /*                                                                                                        
             - */
   5          /*--------------------------------------------------------------------------------------------------------
             --*/
   6          
   7          //********************************************************************************************************
             -***
   8          //  Website: http://www.nuvoton.com
   9          //  E-Mail : MicroC-8bit@nuvoton.com
  10          //  Date   : Apr/29/2021 
  11          //********************************************************************************************************
             -***
  12          
  13          //********************************************************************************************************
             -***
  14          //  File Function: MlL51 read UCID demo
  15          //********************************************************************************************************
             -***
  16          #include "MUG51.h"
  17          
  18          /* For printf code only. Disable this define to reduce code size. */
  19          #define print_function 
  20          
  21          /***********************/
  22          /* main loop            */
  23          /***********************/ 
  24          void main(void)
  25          {
  26   1          unsigned char i;
  27   1      #ifdef print_function  
  28   1      /* Initial UART0 for printf */
  29   1          MFP_P31_UART0_TXD;
  30   1          P31_PUSHPULL_MODE;
  31   1          UART_Open(8000000,UART0_Timer3,38400);
  32   1          ENABLE_UART0_PRINTF;
  33   1      #endif
  34   1        
  35   1          UCID_Read();
  36   1      #ifdef print_function    
  37   1          /*printf must in SFR page 0 */
  38   1          _push_(SFRS);
  39   1          SFRS = 0;  
  40   1          printf ("\n UCID = ");
  41   1          for(i=0;i<12;i++)
  42   1          { 
  43   2             printf (" 0x%bx",UCIDBuffer[i]);
  44   2          }
C51 COMPILER V9.52.0.0   UCID_CHECK                                                        05/07/2021 15:15:27 PAGE 2   

  45   1          _pop_(SFRS);    
  46   1       #endif 
  47   1        while(1);
  48   1      
  49   1      
  50   1      }


MODULE INFORMATION:   STATIC OVERLAYABLE
   CODE SIZE        =    116    ----
   CONSTANT SIZE    =     17    ----
   XDATA SIZE       =   ----       1
   PDATA SIZE       =   ----    ----
   DATA SIZE        =   ----    ----
   IDATA SIZE       =   ----    ----
   BIT SIZE         =   ----    ----
   EDATA SIZE       =   ----    ----
   HDATA SIZE       =   ----    ----
   XDATA CONST SIZE =   ----    ----
   FAR CONST SIZE   =   ----    ----
END OF MODULE INFORMATION.


C51 COMPILATION COMPLETE.  0 WARNING(S),  0 ERROR(S)
