C51 COMPILER V9.60.0.0   ISP_UART1_MAIN_AUTOSIZE                                           11/03/2022 13:31:06 PAGE 1   


C51 COMPILER V9.60.0.0, COMPILATION OF MODULE ISP_UART1_MAIN_AUTOSIZE
OBJECT MODULE PLACED IN .\Output\ISP_UART1_main_autosize.obj
COMPILER INVOKED BY: C:\Keil_v5\C51\BIN\C51.EXE ..\ISP_UART1_main_autosize.c LARGE OMF2 ROM(COMPACT) OPTIMIZE(7,SPEED) B
                    -ROWSE INCDIR(..\..\..\..\Library\Device\Include;..\..\..\..\Library\StdDriver\inc;..\..\ISP_UART1) DEBUG PRINT(.\LST\ISP
                    -_UART1_main_autosize.lst) TABS(2) OBJECT(.\Output\ISP_UART1_main_autosize.obj)

line level    source

   1          /*--------------------------------------------------------------------------------------------------------
             --*/
   2          /*                                                                                                        
             - */
   3          /* SPDX-License-Identifier: Apache-2.0                                                                    
             - */
   4          /* Copyright(c) 2022 Nuvoton Technology Corp. All rights reserved.                                        
             - */
   5          /*                                                                                                        
             - */
   6          /*--------------------------------------------------------------------------------------------------------
             --*/
   7          
   8          //********************************************************************************************************
             -***
   9          //  File Function: MUG51 UART0 ISP demo code
  10          //********************************************************************************************************
             -***
  11          #include "MUG51.h"
  12          #include "isp_uart1.h"
  13          
  14          //#define  isp_with_wdt
  15          unsigned int xdata start_address,u16_addr;
  16          /*********************************************************************************************************
             -***
  17          *    Main function 
  18          **********************************************************************************************************
             -**/
  19          void main (void)
  20          {
  21   1         //uart initial for ISP programmer GUI, always use 115200 baudrate
  22   1        UART1_ini_115200();
  23   1        TM0_ini();
  24   1      
  25   1        g_timer0Over=0;
  26   1        g_timer0Counter=5000;
  27   1        g_programflag=0;
  28   1      
  29   1        set_CHPCON_IAPEN;
  30   1      
  31   1      while(1)
  32   1      {
  33   2              if(bUartDataReady == TRUE)
  34   2              {
  35   3                EA=0; //DISABLE ALL INTERRUPT                  
  36   3                if(g_programflag==1)
  37   3                {
  38   4                  for(count=8;count<64;count++)
  39   4                  {
  40   5                    IAPCN = BYTE_PROGRAM_AP;          //program byte
  41   5                    IAPAL = flash_address&0xff;
  42   5                    IAPAH = (flash_address>>8)&0xff;
  43   5                    IAPFD=uart_rcvbuf[count];
C51 COMPILER V9.60.0.0   ISP_UART1_MAIN_AUTOSIZE                                           11/03/2022 13:31:06 PAGE 2   

  44   5      #ifdef isp_with_wdt
                            set_IAPTRG_IAPGO_WDCLR;
              #else
  47   5                    set_IAPTRG_IAPGO;
  48   5      #endif
  49   5                
  50   5                    IAPCN = BYTE_READ_AP;              //program byte verify
  51   5                    set_IAPTRG_IAPGO;
  52   5                    if(IAPFD!=uart_rcvbuf[count])
  53   5                    while(1);                          
  54   5                    if (CHPCON==0x43)              //if error flag set, program error stop ISP
  55   5                    while(1);
  56   5                    
  57   5                    g_totalchecksum=g_totalchecksum+uart_rcvbuf[count];
  58   5                    flash_address++;
  59   5        
  60   5                    if(flash_address==AP_size)
  61   5                    {
  62   6                      g_programflag=0;
  63   6                      g_timer0Over =1;
  64   6                       goto END_2;
  65   6                    }
  66   5                  } 
  67   4      END_2:                
  68   4                  Package_checksum();
  69   4                  uart_txbuf[8]=g_totalchecksum&0xff;
  70   4                  uart_txbuf[9]=(g_totalchecksum>>8)&0xff;
  71   4                  Send_64byte_To_UART1();
  72   4                  
  73   4                }
  74   3                  
  75   3                switch(uart_rcvbuf[0])
  76   3                {                
  77   4                  case CMD_CONNECT:
  78   4                  case CMD_SYNC_PACKNO:
  79   4                  {
  80   5                    Package_checksum();
  81   5                    Send_64byte_To_UART1();    
  82   5                    g_timer0Counter=0; //clear timer 0 for no reset
  83   5                    g_timer0Over=0;
  84   5                  break;
  85   5                  }
  86   4                              
  87   4                  case CMD_GET_FWVER:            
  88   4                  {
  89   5                    Package_checksum();
  90   5                    uart_txbuf[8]=FW_VERSION;  
  91   5                    Send_64byte_To_UART1();  
  92   5                  break;
  93   5                  }
  94   4                  
  95   4                  case CMD_RUN_APROM:            
  96   4                  {
  97   5                    goto _APROM;
  98   5                  break;
  99   5                  }
 100   4          
 101   4                  //please for ISP programmer GUI, ID always use following rule to transmit.
 102   4                  case CMD_GET_DEVICEID:            
 103   4                  {
 104   5                    READ_ID();
 105   5                    Package_checksum();
C51 COMPILER V9.60.0.0   ISP_UART1_MAIN_AUTOSIZE                                           11/03/2022 13:31:06 PAGE 3   

 106   5                    uart_txbuf[8]=DID_lowB;  
 107   5                    uart_txbuf[9]=DID_highB;  
 108   5                    uart_txbuf[10]=PID_lowB;  
 109   5                    uart_txbuf[11]=PID_highB;  
 110   5                    Send_64byte_To_UART1();  
 111   5                  break;
 112   5                  }
 113   4                  case CMD_ERASE_ALL:
 114   4                  {
 115   5      //              set_CHPCON_IAPEN;
 116   5                    set_IAPUEN_APUEN;
 117   5                    IAPFD = 0xFF;          //Erase must set IAPFD = 0xFF
 118   5                    IAPCN = PAGE_ERASE_AP;
 119   5                    
 120   5                    for(flash_address=0x0000;flash_address<APROM_SIZE/PAGE_SIZE;flash_address++)
 121   5                    {        
 122   6                      IAPAL = LOBYTE(flash_address*PAGE_SIZE);
 123   6                      IAPAH = HIBYTE(flash_address*PAGE_SIZE);
 124   6      #ifdef isp_with_wdt
                            set_IAPTRG_IAPGO_WDCLR;
              #else
 127   6                    set_IAPTRG_IAPGO;
 128   6      #endif
 129   6                    }            
 130   5                    
 131   5                    Package_checksum();
 132   5                    Send_64byte_To_UART1();  
 133   5                    break;
 134   5                  }
 135   4                  case CMD_READ_CONFIG:            
 136   4                  {
 137   5                    READ_CONFIG();
 138   5                    Package_checksum();
 139   5                    uart_txbuf[8]=CONF0;  
 140   5                    uart_txbuf[9]=CONF1;  
 141   5                    uart_txbuf[10]=CONF2;  
 142   5                    uart_txbuf[11]=0xff;  
 143   5                    uart_txbuf[12]=CONF4;  
 144   5                    uart_txbuf[13]=0xff;  
 145   5                    uart_txbuf[14]=0xff;            
 146   5                    uart_txbuf[15]=0xff;
 147   5                    Send_64byte_To_UART1();  
 148   5                  break;
 149   5                  }
 150   4                  
 151   4                  case CMD_UPDATE_CONFIG:
 152   4                  {
 153   5                    recv_CONF0 = uart_rcvbuf[8];
 154   5                    recv_CONF1 = uart_rcvbuf[9];
 155   5                    recv_CONF2 = uart_rcvbuf[10];
 156   5                    recv_CONF4 = uart_rcvbuf[12];
 157   5      /*Erase CONFIG */              
 158   5      //              set_CHPCON_IAPEN;
 159   5                    set_IAPUEN_CFUEN;
 160   5                    IAPCN = PAGE_ERASE_CONFIG;
 161   5                    IAPAL = 0x00;
 162   5                    IAPAH = 0x00;
 163   5                    IAPFD = 0xFF;
 164   5      #ifdef isp_with_wdt
                            set_IAPTRG_IAPGO_WDCLR;
              #else
 167   5                    set_IAPTRG_IAPGO;
C51 COMPILER V9.60.0.0   ISP_UART1_MAIN_AUTOSIZE                                           11/03/2022 13:31:06 PAGE 4   

 168   5      #endif
 169   5      /*Program CONFIG*/  
 170   5                    IAPCN = BYTE_PROGRAM_CONFIG;
 171   5                    IAPAL = 0x00;
 172   5                    IAPAH = 0x00;
 173   5                    IAPFD = recv_CONF0;
 174   5      #ifdef isp_with_wdt
                            set_IAPTRG_IAPGO_WDCLR;
              #else
 177   5                    set_IAPTRG_IAPGO;
 178   5      #endif
 179   5                    IAPFD = recv_CONF1;
 180   5                    IAPAL = 0x01;
 181   5      #ifdef isp_with_wdt
                            set_IAPTRG_IAPGO_WDCLR;
              #else
 184   5                    set_IAPTRG_IAPGO;
 185   5      #endif
 186   5                    IAPAL = 0x02;
 187   5                    IAPFD = recv_CONF2;
 188   5      #ifdef isp_with_wdt
                            set_IAPTRG_IAPGO_WDCLR;
              #else
 191   5                    set_IAPTRG_IAPGO;
 192   5      #endif
 193   5                    IAPAL = 0x04;
 194   5                    IAPFD = recv_CONF4;
 195   5      #ifdef isp_with_wdt
                            set_IAPTRG_IAPGO_WDCLR;
              #else
 198   5                    set_IAPTRG_IAPGO;
 199   5      #endif
 200   5                    clr_IAPUEN_CFUEN;
 201   5      /*Read new CONFIG*/  
 202   5                    READ_CONFIG();
 203   5                    
 204   5                    Package_checksum();
 205   5                    uart_txbuf[8]=CONF0;
 206   5                    uart_txbuf[9]=CONF1;
 207   5                    uart_txbuf[10]=CONF2;
 208   5                    uart_txbuf[11]=0xff;
 209   5                    uart_txbuf[12]=CONF4;
 210   5                    uart_txbuf[13]=0xff;
 211   5                    uart_txbuf[14]=0xff;
 212   5                    uart_txbuf[15]=0xff;
 213   5                    Send_64byte_To_UART1();
 214   5                    break;
 215   5                  }
 216   4                  
 217   4                  case CMD_UPDATE_APROM:
 218   4                  {
 219   5      //              set_CHPCON_IAPEN;
 220   5                    set_IAPUEN_APUEN;
 221   5                    IAPFD = 0xFF;          //Erase must set IAPFD = 0xFF
 222   5                    IAPCN = PAGE_ERASE_AP;
 223   5                    
 224   5                    start_address = 0;
 225   5                    start_address = uart_rcvbuf[8];
 226   5                    start_address |= ((uart_rcvbuf[9]<<8)&0xFF00);
 227   5                    
 228   5                    AP_size = 0;
 229   5                    AP_size = uart_rcvbuf[12];
C51 COMPILER V9.60.0.0   ISP_UART1_MAIN_AUTOSIZE                                           11/03/2022 13:31:06 PAGE 5   

 230   5                    AP_size |= ((uart_rcvbuf[13]<<8)&0xFF00);
 231   5      
 232   5                    u16_addr = start_address + AP_size;
 233   5                    flash_address = (start_address&0xFF00);
 234   5       
 235   5                    while(flash_address< u16_addr)
 236   5                    {
 237   6                      IAPAL = LOBYTE(flash_address);
 238   6                      IAPAH = HIBYTE(flash_address);
 239   6      #ifdef isp_with_wdt
                              set_IAPTRG_IAPGO_WDCLR;
              #else
 242   6                      set_IAPTRG_IAPGO;
 243   6      #endif
 244   6                      flash_address += PAGE_SIZE;
 245   6                    }
 246   5                    
 247   5                    g_totalchecksum = 0;
 248   5                    flash_address = start_address;
 249   5                    g_programflag = 1;
 250   5      
 251   5                    for(count=16;count<64;count++)
 252   5                    {
 253   6                      IAPCN = BYTE_PROGRAM_AP;
 254   6                      IAPAL = flash_address&0xff;
 255   6                      IAPAH = (flash_address>>8)&0xff;
 256   6                      IAPFD = uart_rcvbuf[count];
 257   6      #ifdef isp_with_wdt
                            set_IAPTRG_IAPGO_WDCLR;
              #else
 260   6                    set_IAPTRG_IAPGO;
 261   6      #endif
 262   6                      IAPCN = BYTE_READ_AP;                //program byte verify
 263   6                      set_IAPTRG_IAPGO;
 264   6      
 265   6                      if(IAPFD!=uart_rcvbuf[count])
 266   6                      while(1);          
 267   6                      if (CHPCON==0x43)                //if error flag set, program error stop ISP
 268   6                      while(1);
 269   6                      
 270   6                      g_totalchecksum=g_totalchecksum+uart_rcvbuf[count];
 271   6                      flash_address++;
 272   6                      
 273   6                      if(flash_address==AP_size)
 274   6                      {
 275   7                        g_programflag=0;
 276   7                         goto END_1;
 277   7                      }
 278   6                    }
 279   5      END_1:                
 280   5                    Package_checksum();
 281   5                    uart_txbuf[8]=g_totalchecksum&0xff;
 282   5                    uart_txbuf[9]=(g_totalchecksum>>8)&0xff;
 283   5                    Send_64byte_To_UART1();  
 284   5                    break;
 285   5                  }
 286   4                }  
 287   3                bUartDataReady = FALSE;
 288   3                bufhead = 0;            
 289   3                EA=1;
 290   3            }
 291   2            //For connect timer out  
C51 COMPILER V9.60.0.0   ISP_UART1_MAIN_AUTOSIZE                                           11/03/2022 13:31:06 PAGE 6   

 292   2            if(g_timer0Over==1)
 293   2            {       
 294   3             goto _APROM;
 295   3            }
 296   2      
 297   2            //for uart time out or buffer error
 298   2             if(g_timer1Over==1)
 299   2            {       
 300   3             if((bufhead<64)&&(bufhead>0)||(bufhead>64))
 301   3               {
 302   4               bufhead=0;
 303   4               }
 304   3            }
 305   2      
 306   2      }
 307   1      
 308   1      _APROM:
 309   1          clr_CHPCON_IAPEN;
 310   1          TA = 0xAA;
 311   1          TA = 0x55;
 312   1          CHPCON &= 0xFD;                  //set boot from AP
 313   1          TA = 0xAA;
 314   1          TA = 0x55;
 315   1          CHPCON |= 0x80;                   //software reset enable
 316   1      
 317   1          /* Trap the CPU */
 318   1          while(1);  
 319   1      }
 320          
 321          


MODULE INFORMATION:   STATIC OVERLAYABLE
   CODE SIZE        =   1324    ----
   CONSTANT SIZE    =   ----    ----
   XDATA SIZE       =      4    ----
   PDATA SIZE       =   ----    ----
   DATA SIZE        =   ----    ----
   IDATA SIZE       =   ----    ----
   BIT SIZE         =   ----    ----
   EDATA SIZE       =   ----    ----
   HDATA SIZE       =   ----    ----
   XDATA CONST SIZE =   ----    ----
   FAR CONST SIZE   =   ----    ----
END OF MODULE INFORMATION.


C51 COMPILATION COMPLETE.  0 WARNING(S),  0 ERROR(S)
