C51 COMPILER V9.60.0.0   UART0_RW                                                          10/21/2022 12:09:09 PAGE 1   


C51 COMPILER V9.60.0.0, COMPILATION OF MODULE UART0_RW
OBJECT MODULE PLACED IN .\Output\UART0_RW.obj
COMPILER INVOKED BY: C:\Keil_v5\C51\BIN\C51.EXE ..\UART0_RW.C LARGE OMF2 OPTIMIZE(7,SPEED) BROWSE INCDIR(..\..\..\..\Lib
                    -rary\Device\Include;..\..\..\..\Library\StdDriver\inc) DEBUG PRINT(.\List\UART0_RW.lst) TABS(2) OBJECT(.\Output\UART0_RW
                    -.obj)

line level    source

   1          /*--------------------------------------------------------------------------------------------------------
             --*/
   2          /*                                                                                                        
             - */
   3          /* SPDX-License-Identifier: Apache-2.0                                                                    
             - */
   4          /* Copyright(c) 2022 Nuvoton Technology Corp. All rights reserved.                                        
             - */
   5          /*                                                                                                        
             - */
   6          /*--------------------------------------------------------------------------------------------------------
             --*/
   7          
   8          /*********************************************************************************************************
             -**
   9          //  File Function: MUG51 UART0 receive and transmit loop test
  10          /*********************************************************************************************************
             -**/
  11          #include "MUG51.h"
  12          
  13          
  14          #define  UART0_RXTX_loop
  15          //#define  UART0_TX_only
  16          /*********************************************************************************************************
             -***/
  17          /*  Main function                                                                                         
             -  */
  18          /*********************************************************************************************************
             -***/
  19           void main(void)
  20          {
  21   1      
  22   1          MFP_P31_UART0_TXD;
  23   1          P31_QUASI_MODE;
  24   1          MFP_P30_UART0_RXD;
  25   1          P30_INPUT_MODE;
  26   1      
  27   1          UART_Open(FSYSCLK, UART0_Timer3, 115200);
  28   1      
  29   1          ENABLE_UART0_INTERRUPT;                                   /* Enable UART0 interrupt */
  30   1          ENABLE_GLOBAL_INTERRUPT;                                  /* Global interrupt enable */
  31   1      
  32   1      #if defined UART0_TX_only
                  while (1)
                  {
                    SFRS=0; 
                    UART_Send_Data(UART0,0x55);
                    Timer0_Delay(FSYSCLK,5,1000);
                  }
              
              #elif defined UART0_RXTX_loop
  41   1      /* while receive data from RXD, send this data to TXD */
  42   1        while(1)
C51 COMPILER V9.60.0.0   UART0_RW                                                          10/21/2022 12:09:09 PAGE 2   

  43   1        {
  44   2          if (uart0_receive_flag)
  45   2          {
  46   3            uart0_receive_flag = 0;
  47   3            SFRS=0; UART_Send_Data(UART0,uart0_receive_data);
  48   3          }
  49   2        }
  50   1      #endif 
  51   1      }


MODULE INFORMATION:   STATIC OVERLAYABLE
   CODE SIZE        =     87    ----
   CONSTANT SIZE    =   ----    ----
   XDATA SIZE       =   ----    ----
   PDATA SIZE       =   ----    ----
   DATA SIZE        =   ----    ----
   IDATA SIZE       =   ----    ----
   BIT SIZE         =   ----    ----
   EDATA SIZE       =   ----    ----
   HDATA SIZE       =   ----    ----
   XDATA CONST SIZE =   ----    ----
   FAR CONST SIZE   =   ----    ----
END OF MODULE INFORMATION.


C51 COMPILATION COMPLETE.  0 WARNING(S),  0 ERROR(S)
